# JRE version: Java(TM) SE Runtime Environment (8.0_211-b12) (build 1.8.0_211-b12)
# Java VM: Java HotSpot(TM) 64-Bit Server VM (25.211-b12 mixed mode windows-amd64 compressed oops)
Heap:
 PSYoungGen      total 186880K, used 31002K [0x00000000d5f00000, 0x00000000e2e00000, 0x0000000100000000)
  eden space 172032K, 18% used [0x00000000d5f00000,0x00000000d7d46958,0x00000000e0700000)
  from space 14848K, 0% used [0x00000000e1880000,0x00000000e1880000,0x00000000e2700000)
  to   space 17920K, 0% used [0x00000000e0700000,0x00000000e0700000,0x00000000e1880000)
 ParOldGen       total 135680K, used 30224K [0x0000000081c00000, 0x000000008a080000, 0x00000000d5f00000)
  object space 135680K, 22% used [0x0000000081c00000,0x0000000083984350,0x000000008a080000)
 Metaspace       used 57689K, capacity 60237K, committed 60544K, reserved 1101824K
  class space    used 7793K, capacity 8226K, committed 8320K, reserved 1048576K
GC Heap History (10 events):
Event: 2.778 GC heap before
{Heap before GC invocations=9 (full 2):
 PSYoungGen      total 112128K, used 10221K [0x00000000d5f00000, 0x00000000e0e00000, 0x0000000100000000)
  eden space 101888K, 0% used [0x00000000d5f00000,0x00000000d5f00000,0x00000000dc280000)
  from space 10240K, 99% used [0x00000000dc280000,0x00000000dcc7b618,0x00000000dcc80000)
  to   space 12800K, 0% used [0x00000000e0180000,0x00000000e0180000,0x00000000e0e00000)
 ParOldGen       total 57344K, used 12614K [0x0000000081c00000, 0x0000000085400000, 0x00000000d5f00000)
  object space 57344K, 21% used [0x0000000081c00000,0x0000000082851b98,0x0000000085400000)
 Metaspace       used 34004K, capacity 35356K, committed 35456K, reserved 1079296K
  class space    used 4404K, capacity 4685K, committed 4736K, reserved 1048576K
Event: 2.830 GC heap after
Heap after GC invocations=9 (full 2):
 PSYoungGen      total 112128K, used 0K [0x00000000d5f00000, 0x00000000e0e00000, 0x0000000100000000)
  eden space 101888K, 0% used [0x00000000d5f00000,0x00000000d5f00000,0x00000000dc280000)
  from space 10240K, 0% used [0x00000000dc280000,0x00000000dc280000,0x00000000dcc80000)
  to   space 12800K, 0% used [0x00000000e0180000,0x00000000e0180000,0x00000000e0e00000)
 ParOldGen       total 95232K, used 17277K [0x0000000081c00000, 0x0000000087900000, 0x00000000d5f00000)
  object space 95232K, 18% used [0x0000000081c00000,0x0000000082cdf770,0x0000000087900000)
 Metaspace       used 34004K, capacity 35356K, committed 35456K, reserved 1079296K
  class space    used 4404K, capacity 4685K, committed 4736K, reserved 1048576K
}
Event: 3.718 GC heap before
{Heap before GC invocations=10 (full 2):
 PSYoungGen      total 112128K, used 101888K [0x00000000d5f00000, 0x00000000e0e00000, 0x0000000100000000)
  eden space 101888K, 100% used [0x00000000d5f00000,0x00000000dc280000,0x00000000dc280000)
  from space 10240K, 0% used [0x00000000dc280000,0x00000000dc280000,0x00000000dcc80000)
  to   space 12800K, 0% used [0x00000000e0180000,0x00000000e0180000,0x00000000e0e00000)
 ParOldGen       total 95232K, used 17277K [0x0000000081c00000, 0x0000000087900000, 0x00000000d5f00000)
  object space 95232K, 18% used [0x0000000081c00000,0x0000000082cdf770,0x0000000087900000)
 Metaspace       used 37343K, capacity 38986K, committed 39296K, reserved 1083392K
  class space    used 4859K, capacity 5190K, committed 5248K, reserved 1048576K
Event: 3.724 GC heap after
Heap after GC invocations=10 (full 2):
 PSYoungGen      total 150528K, used 7281K [0x00000000d5f00000, 0x00000000e0900000, 0x0000000100000000)
  eden space 142848K, 0% used [0x00000000d5f00000,0x00000000d5f00000,0x00000000dea80000)
  from space 7680K, 94% used [0x00000000e0180000,0x00000000e089c7c8,0x00000000e0900000)
  to   space 12800K, 0% used [0x00000000df000000,0x00000000df000000,0x00000000dfc80000)
 ParOldGen       total 95232K, used 17285K [0x0000000081c00000, 0x0000000087900000, 0x00000000d5f00000)
  object space 95232K, 18% used [0x0000000081c00000,0x0000000082ce1770,0x0000000087900000)
 Metaspace       used 37343K, capacity 38986K, committed 39296K, reserved 1083392K
  class space    used 4859K, capacity 5190K, committed 5248K, reserved 1048576K
}
Event: 5.163 GC heap before
{Heap before GC invocations=11 (full 2):
 PSYoungGen      total 150528K, used 150129K [0x00000000d5f00000, 0x00000000e0900000, 0x0000000100000000)
  eden space 142848K, 100% used [0x00000000d5f00000,0x00000000dea80000,0x00000000dea80000)
  from space 7680K, 94% used [0x00000000e0180000,0x00000000e089c7c8,0x00000000e0900000)
  to   space 12800K, 0% used [0x00000000df000000,0x00000000df000000,0x00000000dfc80000)
 ParOldGen       total 95232K, used 17285K [0x0000000081c00000, 0x0000000087900000, 0x00000000d5f00000)
  object space 95232K, 18% used [0x0000000081c00000,0x0000000082ce1770,0x0000000087900000)
 Metaspace       used 47071K, capacity 49170K, committed 49280K, reserved 1091584K
  class space    used 6352K, capacity 6734K, committed 6784K, reserved 1048576K
Event: 5.175 GC heap after
Heap after GC invocations=11 (full 2):
 PSYoungGen      total 161280K, used 12781K [0x00000000d5f00000, 0x00000000e2700000, 0x0000000100000000)
  eden space 148480K, 0% used [0x00000000d5f00000,0x00000000d5f00000,0x00000000df000000)
  from space 12800K, 99% used [0x00000000df000000,0x00000000dfc7b678,0x00000000dfc80000)
  to   space 14848K, 0% used [0x00000000e1880000,0x00000000e1880000,0x00000000e2700000)
 ParOldGen       total 95232K, used 18811K [0x0000000081c00000, 0x0000000087900000, 0x00000000d5f00000)
  object space 95232K, 19% used [0x0000000081c00000,0x0000000082e5ee10,0x0000000087900000)
 Metaspace       used 47071K, capacity 49170K, committed 49280K, reserved 1091584K
  class space    used 6352K, capacity 6734K, committed 6784K, reserved 1048576K
}
Event: 409.738 GC heap before
{Heap before GC invocations=12 (full 2):
 PSYoungGen      total 161280K, used 146826K [0x00000000d5f00000, 0x00000000e2700000, 0x0000000100000000)
  eden space 148480K, 90% used [0x00000000d5f00000,0x00000000de1e7398,0x00000000df000000)
  from space 12800K, 99% used [0x00000000df000000,0x00000000dfc7b678,0x00000000dfc80000)
  to   space 14848K, 0% used [0x00000000e1880000,0x00000000e1880000,0x00000000e2700000)
 ParOldGen       total 95232K, used 18811K [0x0000000081c00000, 0x0000000087900000, 0x00000000d5f00000)
  object space 95232K, 19% used [0x0000000081c00000,0x0000000082e5ee10,0x0000000087900000)
 Metaspace       used 56454K, capacity 59054K, committed 59096K, reserved 1099776K
  class space    used 7559K, capacity 8030K, committed 8064K, reserved 1048576K
Event: 409.758 GC heap after
Heap after GC invocations=12 (full 2):
 PSYoungGen      total 186880K, used 14847K [0x00000000d5f00000, 0x00000000e2e00000, 0x0000000100000000)
  eden space 172032K, 0% used [0x00000000d5f00000,0x00000000d5f00000,0x00000000e0700000)
  from space 14848K, 99% used [0x00000000e1880000,0x00000000e26ffe88,0x00000000e2700000)
  to   space 17920K, 0% used [0x00000000e0700000,0x00000000e0700000,0x00000000e1880000)
 ParOldGen       total 95232K, used 22581K [0x0000000081c00000, 0x0000000087900000, 0x00000000d5f00000)
  object space 95232K, 23% used [0x0000000081c00000,0x000000008320d600,0x0000000087900000)
 Metaspace       used 56454K, capacity 59054K, committed 59096K, reserved 1099776K
  class space    used 7559K, capacity 8030K, committed 8064K, reserved 1048576K
}
Event: 409.758 GC heap before
{Heap before GC invocations=13 (full 3):
 PSYoungGen      total 186880K, used 14847K [0x00000000d5f00000, 0x00000000e2e00000, 0x0000000100000000)
  eden space 172032K, 0% used [0x00000000d5f00000,0x00000000d5f00000,0x00000000e0700000)
  from space 14848K, 99% used [0x00000000e1880000,0x00000000e26ffe88,0x00000000e2700000)
  to   space 17920K, 0% used [0x00000000e0700000,0x00000000e0700000,0x00000000e1880000)
 ParOldGen       total 95232K, used 22581K [0x0000000081c00000, 0x0000000087900000, 0x00000000d5f00000)
  object space 95232K, 23% used [0x0000000081c00000,0x000000008320d600,0x0000000087900000)
 Metaspace       used 56454K, capacity 59054K, committed 59096K, reserved 1099776K
  class space    used 7559K, capacity 8030K, committed 8064K, reserved 1048576K
Event: 409.893 GC heap after
Heap after GC invocations=13 (full 3):
 PSYoungGen      total 186880K, used 0K [0x00000000d5f00000, 0x00000000e2e00000, 0x0000000100000000)
  eden space 172032K, 0% used [0x00000000d5f00000,0x00000000d5f00000,0x00000000e0700000)
  from space 14848K, 0% used [0x00000000e1880000,0x00000000e1880000,0x00000000e2700000)
  to   space 17920K, 0% used [0x00000000e0700000,0x00000000e0700000,0x00000000e1880000)
 ParOldGen       total 135680K, used 30224K [0x0000000081c00000, 0x000000008a080000, 0x00000000d5f00000)
  object space 135680K, 22% used [0x0000000081c00000,0x0000000083984350,0x000000008a080000)
 Metaspace       used 56454K, capacity 59054K, committed 59096K, reserved 1099776K
  class space    used 7559K, capacity 8030K, committed 8064K, reserved 1048576K
}

